      agent: [Agent],
      socketPath: undefined,
      method: 'POST',
      maxHeaderSize: undefined,
      insecureHTTPParser: undefined,
      joinDuplicateHeaders: undefined,
      path: '/events',
      _ended: false,
      res: null,
      aborted: false,
      timeoutCb: [Function: emitRequestTimeout],
      upgradeOrConnect: false,
      parser: null,
      maxHeadersCount: null,
      reusedSocket: false,
      host: 'localhost',
      protocol: 'http:',
      _redirectable: [Circular *1],
      [Symbol(shapeMode)]: false,
      [Symbol(kCapture)]: false,
      [Symbol(kBytesWritten)]: 0,
      [Symbol(kNeedDrain)]: false,
      [Symbol(corked)]: 0,
      [Symbol(kChunkedBuffer)]: [],
      [Symbol(kChunkedLength)]: 0,
      [Symbol(kSocket)]: [Socket],
      [Symbol(kOutHeaders)]: [Object: null prototype],
      [Symbol(errored)]: null,
      [Symbol(kHighWaterMark)]: 65536,
      [Symbol(kRejectNonStandardBodyWrites)]: false,
      [Symbol(kUniqueHeaders)]: null
    },
    _currentUrl: 'http://localhost:8000/events',
    _timeout: null,
    [Symbol(shapeMode)]: true,
    [Symbol(kCapture)]: false
  },
  cause: AggregateError
      at internalConnectMultiple (node:net:1134:18)
      at afterConnectMultiple (node:net:1715:7) {
    code: 'ECONNREFUSED',
    [errors]: [ [Error], [Error] ]
  }
}
[API] POST /accounts/transfer → 200 (1436ms)
[0mPOST /api/accounts/transfer [32m200[0m 1436.660 ms - 217[0m
[API] GET /customers/accounts/69916bc4-58b0-47ed-a79e-c00fac9f5be1 → 200 (677ms)
[0mGET /api/customers/accounts/69916bc4-58b0-47ed-a79e-c00fac9f5be1 [32m200[0m 676.775 ms - 526[0m
[API] GET /customers/accounts/69916bc4-58b0-47ed-a79e-c00fac9f5be1 → 304 (676ms)
[0mGET /api/customers/accounts/69916bc4-58b0-47ed-a79e-c00fac9f5be1 [36m304[0m 676.882 ms - -[0m
